<?xml version="1.0" encoding="UTF-8"?>
<Site BuildName="Win32-MSBuild"
	BuildStamp="20230915-1415-Experimental"
	Name="DESKTOP-9MMCDCG"
	Generator="ctest-3.26.4"
	CompilerName="C:/Program Files/Microsoft Visual Studio/2022/Community/VC/Tools/MSVC/14.36.32532/bin/Hostx64/x64/cl.exe"
	CompilerVersion="19.36.32532.0"
	OSName="Windows"
	Hostname="DESKTOP-9MMCDCG"
	OSRelease=" Personal"
	OSVersion=" (Build 19045)"
	OSPlatform="AMD64"
	Is64Bits="1"
	VendorString="AuthenticAMD"
	VendorID="Advanced Micro Devices"
	FamilyID="15"
	ModelID="8"
	ProcessorCacheSize="96"
	NumberOfLogicalCPU="12"
	NumberOfPhysicalCPU="6"
	TotalVirtualMemory="22208"
	TotalPhysicalMemory="16334"
	LogicalProcessorsPerPhysical="2"
	ProcessorClockFrequency="3393"
	>
	<Testing>
		<StartDateTime>Sep 15 16:15 [NON-UTF-8-BYTE-0x8C]rodkowoeuropejski czas letni</StartDateTime>
		<StartTestTime>1694787350</StartTestTime>
		<TestList/>
		<EndDateTime>Sep 15 16:15 [NON-UTF-8-BYTE-0x8C]rodkowoeuropejski czas letni</EndDateTime>
		<EndTestTime>1694787350</EndTestTime>
		<ElapsedMinutes>0</ElapsedMinutes>
	</Testing>
</Site>
